2020-05-06 10:38:25,673 INFO o.a.j.u.JMeterUtils: Setting Locale to en_EN
2020-05-06 10:38:25,683 INFO o.a.j.JMeter: Loading user properties from: E:\xiaoao\apache-jmeter-5.2.1\bin\user.properties
2020-05-06 10:38:25,683 INFO o.a.j.JMeter: Loading system properties from: E:\xiaoao\apache-jmeter-5.2.1\bin\system.properties
2020-05-06 10:38:25,684 INFO o.a.j.JMeter: Copyright (c) 1998-2019 The Apache Software Foundation
2020-05-06 10:38:25,685 INFO o.a.j.JMeter: Version 5.2.1
2020-05-06 10:38:25,685 INFO o.a.j.JMeter: java.version=1.8.0_241
2020-05-06 10:38:25,685 INFO o.a.j.JMeter: java.vm.name=Java HotSpot(TM) 64-Bit Server VM
2020-05-06 10:38:25,685 INFO o.a.j.JMeter: os.name=Windows 7
2020-05-06 10:38:25,685 INFO o.a.j.JMeter: os.arch=amd64
2020-05-06 10:38:25,685 INFO o.a.j.JMeter: os.version=6.1
2020-05-06 10:38:25,685 INFO o.a.j.JMeter: file.encoding=GBK
2020-05-06 10:38:25,685 INFO o.a.j.JMeter: java.awt.headless=null
2020-05-06 10:38:25,685 INFO o.a.j.JMeter: Max memory     =1073741824
2020-05-06 10:38:25,685 INFO o.a.j.JMeter: Available Processors =4
2020-05-06 10:38:25,688 INFO o.a.j.JMeter: Default Locale=English (EN)
2020-05-06 10:38:25,688 INFO o.a.j.JMeter: JMeter  Locale=English (EN)
2020-05-06 10:38:25,688 INFO o.a.j.JMeter: JMeterHome=E:\xiaoao\apache-jmeter-5.2.1
2020-05-06 10:38:25,689 INFO o.a.j.JMeter: user.dir  =E:\auto_generate_Jmx
2020-05-06 10:38:25,689 INFO o.a.j.JMeter: PWD       =E:\auto_generate_Jmx
2020-05-06 10:38:25,689 INFO o.a.j.JMeter: IP: 10.10.12.61 Name: xiaoao FullName: xiaoao
2020-05-06 10:38:25,689 INFO o.a.j.JMeter: plugin_dependency_paths=../dependencies;
2020-05-06 10:38:25,689 WARN o.a.j.JMeter: Can't read ../dependencies
2020-05-06 10:38:25,841 INFO o.a.j.g.a.LookAndFeelCommand: Installing Darcula LAF
2020-05-06 10:38:25,854 INFO o.a.j.g.a.LookAndFeelCommand: Using look and feel: com.bulenkov.darcula.DarculaLaf [Darcula]
2020-05-06 10:38:25,854 INFO o.a.j.JMeter: Setting LAF to: com.bulenkov.darcula.DarculaLaf
2020-05-06 10:38:25,899 INFO o.a.j.JMeter: Loaded icon properties from org/apache/jmeter/images/icon.properties
2020-05-06 10:38:27,208 INFO o.a.j.p.h.s.HTTPSamplerBase: Parser for text/html is org.apache.jmeter.protocol.http.parser.LagartoBasedHtmlParser
2020-05-06 10:38:27,209 INFO o.a.j.p.h.s.HTTPSamplerBase: Parser for application/xhtml+xml is org.apache.jmeter.protocol.http.parser.LagartoBasedHtmlParser
2020-05-06 10:38:27,209 INFO o.a.j.p.h.s.HTTPSamplerBase: Parser for application/xml is org.apache.jmeter.protocol.http.parser.LagartoBasedHtmlParser
2020-05-06 10:38:27,209 INFO o.a.j.p.h.s.HTTPSamplerBase: Parser for text/xml is org.apache.jmeter.protocol.http.parser.LagartoBasedHtmlParser
2020-05-06 10:38:27,209 INFO o.a.j.p.h.s.HTTPSamplerBase: Parser for text/vnd.wap.wml is org.apache.jmeter.protocol.http.parser.RegexpHTMLParser
2020-05-06 10:38:27,209 INFO o.a.j.p.h.s.HTTPSamplerBase: Parser for text/css is org.apache.jmeter.protocol.http.parser.CssParser
2020-05-06 10:38:27,496 INFO o.a.j.e.KeyToolUtils: keytool found at 'keytool'
2020-05-06 10:38:27,497 INFO o.a.j.p.h.p.ProxyControl: HTTP(S) Test Script Recorder SSL Proxy will use keys that support embedded 3rd party resources in file E:\xiaoao\apache-jmeter-5.2.1\bin\proxyserver.jks
2020-05-06 10:38:27,588 INFO o.a.j.s.FileServer: Default base='E:\auto_generate_Jmx'
2020-05-06 10:38:27,908 INFO o.a.j.s.SampleResult: Note: Sample TimeStamps are START times
2020-05-06 10:38:27,908 INFO o.a.j.s.SampleResult: sampleresult.default.encoding is set to ISO-8859-1
2020-05-06 10:38:27,908 INFO o.a.j.s.SampleResult: sampleresult.useNanoTime=true
2020-05-06 10:38:27,908 INFO o.a.j.s.SampleResult: sampleresult.nanoThreadSleep=5000
2020-05-06 10:38:34,599 INFO o.a.j.g.a.Load: Loading file: E:\auto_generate_Jmx\http\jmx_repository\test_15.jmx
2020-05-06 10:38:34,599 INFO o.a.j.s.FileServer: Set new base='E:\auto_generate_Jmx\http\jmx_repository'
2020-05-06 10:38:34,730 INFO o.a.j.s.SaveService: Testplan (JMX) version: 2.2. Testlog (JTL) version: 2.2
2020-05-06 10:38:34,735 INFO o.a.j.s.SaveService: Using SaveService properties file encoding UTF-8
2020-05-06 10:38:34,736 INFO o.a.j.s.SaveService: Using SaveService properties version 5.0
2020-05-06 10:38:34,739 INFO o.a.j.s.SaveService: Loading file: E:\auto_generate_Jmx\http\jmx_repository\test_15.jmx
2020-05-06 10:38:34,820 INFO o.a.j.s.FileServer: Set new base='E:\auto_generate_Jmx\http\jmx_repository'
2020-05-06 10:38:35,692 INFO o.a.j.e.StandardJMeterEngine: Running the test!
2020-05-06 10:38:35,693 INFO o.a.j.s.SampleEvent: List of sample_variables: []
2020-05-06 10:38:35,693 INFO o.a.j.s.SampleEvent: List of sample_variables: []
2020-05-06 10:38:35,695 INFO o.a.j.e.u.CompoundVariable: Note: Function class names must contain the string: '.functions.'
2020-05-06 10:38:35,695 INFO o.a.j.e.u.CompoundVariable: Note: Function class names must not contain the string: '.gui.'
2020-05-06 10:38:35,900 INFO o.a.j.g.u.JMeterMenuBar: setRunning(true, *local*)
2020-05-06 10:38:36,008 INFO o.a.j.e.StandardJMeterEngine: Starting ThreadGroup: 1 : Thread Group
2020-05-06 10:38:36,008 INFO o.a.j.e.StandardJMeterEngine: Starting 1 threads for group Thread Group.
2020-05-06 10:38:36,009 INFO o.a.j.e.StandardJMeterEngine: Thread will continue on error
2020-05-06 10:38:36,009 INFO o.a.j.t.ThreadGroup: Starting thread group... number=1 threads=1 ramp-up=1 delayedStart=false
2020-05-06 10:38:36,012 INFO o.a.j.t.ThreadGroup: Started thread group number 1
2020-05-06 10:38:36,012 INFO o.a.j.e.StandardJMeterEngine: All thread groups have been started
2020-05-06 10:38:36,017 INFO o.a.j.t.JMeterThread: Thread started: Thread Group 1-1
2020-05-06 10:38:36,031 INFO o.a.j.p.h.s.HTTPHCAbstractImpl: Local host = xiaoao
2020-05-06 10:38:36,047 INFO o.a.j.p.h.s.HTTPHC4Impl: HTTP request retry count = 0
2020-05-06 10:38:36,115 INFO o.a.j.p.h.s.h.LazyLayeredConnectionSocketFactory: Setting up HTTPS TrustAll Socket Factory
2020-05-06 10:38:36,118 INFO o.a.j.u.JsseSSLManager: Using default SSL protocol: TLS
2020-05-06 10:38:36,118 INFO o.a.j.u.JsseSSLManager: SSL session context: per-thread
2020-05-06 10:38:36,274 INFO o.a.j.u.SSLManager: JmeterKeyStore Location:  type JKS
2020-05-06 10:38:36,275 INFO o.a.j.u.SSLManager: KeyStore created OK
2020-05-06 10:38:36,275 WARN o.a.j.u.SSLManager: Keystore file not found, loading empty keystore
2020-05-06 10:38:36,492 INFO o.a.j.t.JMeterThread: Thread is done: Thread Group 1-1
2020-05-06 10:38:36,492 INFO o.a.j.t.JMeterThread: Thread finished: Thread Group 1-1
2020-05-06 10:38:36,494 INFO o.a.j.e.StandardJMeterEngine: Notifying test listeners of end of test
2020-05-06 10:38:36,495 INFO o.a.j.g.u.JMeterMenuBar: setRunning(false, *local*)
